[2017-12-18 02:26:59] request.INFO: Matched route "admin_module_catalog". {"route_parameters":{"_controller":"PrestaShopBundle\\Controller\\Admin\\ModuleController::catalogAction","_legacy_controller":"AdminModules","_route":"admin_module_catalog"},"request_uri":"http://localhost/prestashop/admin1338b07eq/index.php/module/catalog?_token=O5jLRJwbcUGuSpcBntlZzOg6HjtUQbXMXoVCdvRyN-c"} []
[2017-12-18 02:27:00] security.INFO: Populated the TokenStorage with an anonymous Token. [] []
[2017-12-18 02:27:25] app.ERROR: Data from PrestaShop Addons is invalid, and cannot fallback on cache.  {"exception":"cURL error 28: Operation timed out after 5000 milliseconds with 207224 bytes received"} []
[2017-12-18 02:30:35] request.INFO: Matched route "admin_module_catalog". {"route_parameters":{"_controller":"PrestaShopBundle\\Controller\\Admin\\ModuleController::catalogAction","_legacy_controller":"AdminModules","_route":"admin_module_catalog"},"request_uri":"http://localhost/prestashop/admin1338b07eq/index.php/module/catalog?_token=2ei3m1L1viTQV6XrhFxi35-0ql-8CcEI-UX3s6etrBc"} []
[2017-12-18 02:30:35] security.INFO: Populated the TokenStorage with an anonymous Token. [] []
[2017-12-18 02:30:36] app.ERROR: Data from PrestaShop Addons is invalid, and cannot fallback on cache.  {"exception":"cURL error 6: Could not resolve host: api-addons.prestashop.com"} []
[2017-12-18 02:30:49] security.DEBUG: Stored the security token in the session. {"key":"_security_main"} []
[2017-12-18 02:30:54] request.INFO: Matched route "admin_module_catalog_refresh". {"route_parameters":{"category":null,"keyword":null,"_controller":"PrestaShopBundle\\Controller\\Admin\\ModuleController::refreshCatalogAction","_legacy_controller":"AdminModules","_route":"admin_module_catalog_refresh"},"request_uri":"http://localhost/prestashop/admin1338b07eq/index.php/module/catalog/refresh?_token=2ei3m1L1viTQV6XrhFxi35-0ql-8CcEI-UX3s6etrBc"} []
[2017-12-18 02:30:54] security.DEBUG: Read existing security token from the session. {"key":"_security_main"} []
[2017-12-18 02:30:54] security.DEBUG: User was reloaded from a user provider. {"username":"elle@hotmail.com","provider":"PrestaShopBundle\\Security\\Admin\\EmployeeProvider"} []
[2017-12-18 02:30:54] app.ERROR: Data from PrestaShop Addons is invalid, and cannot fallback on cache.  {"exception":"cURL error 6: Could not resolve host: api-addons.prestashop.com"} []
[2017-12-18 02:30:55] security.DEBUG: Stored the security token in the session. {"key":"_security_main"} []
[2017-12-18 02:31:02] request.INFO: Matched route "admin_module_catalog". {"route_parameters":{"_controller":"PrestaShopBundle\\Controller\\Admin\\ModuleController::catalogAction","_legacy_controller":"AdminModules","_route":"admin_module_catalog"},"request_uri":"http://localhost/prestashop/admin1338b07eq/index.php/module/catalog?_token=2ei3m1L1viTQV6XrhFxi35-0ql-8CcEI-UX3s6etrBc"} []
[2017-12-18 02:31:02] security.DEBUG: Read existing security token from the session. {"key":"_security_main"} []
[2017-12-18 02:31:02] security.DEBUG: User was reloaded from a user provider. {"username":"elle@hotmail.com","provider":"PrestaShopBundle\\Security\\Admin\\EmployeeProvider"} []
[2017-12-18 02:31:03] app.ERROR: Data from PrestaShop Addons is invalid, and cannot fallback on cache.  {"exception":"cURL error 6: Could not resolve host: api-addons.prestashop.com"} []
[2017-12-18 02:31:05] security.DEBUG: Stored the security token in the session. {"key":"_security_main"} []
[2017-12-18 02:31:09] request.INFO: Matched route "admin_module_catalog_refresh". {"route_parameters":{"category":null,"keyword":null,"_controller":"PrestaShopBundle\\Controller\\Admin\\ModuleController::refreshCatalogAction","_legacy_controller":"AdminModules","_route":"admin_module_catalog_refresh"},"request_uri":"http://localhost/prestashop/admin1338b07eq/index.php/module/catalog/refresh?_token=2ei3m1L1viTQV6XrhFxi35-0ql-8CcEI-UX3s6etrBc"} []
[2017-12-18 02:31:10] security.DEBUG: Read existing security token from the session. {"key":"_security_main"} []
[2017-12-18 02:31:10] security.DEBUG: User was reloaded from a user provider. {"username":"elle@hotmail.com","provider":"PrestaShopBundle\\Security\\Admin\\EmployeeProvider"} []
[2017-12-18 02:31:10] app.ERROR: Data from PrestaShop Addons is invalid, and cannot fallback on cache.  {"exception":"cURL error 6: Could not resolve host: api-addons.prestashop.com"} []
[2017-12-18 02:31:11] security.DEBUG: Stored the security token in the session. {"key":"_security_main"} []
[2017-12-18 02:31:18] request.INFO: Matched route "admin_module_catalog". {"route_parameters":{"_controller":"PrestaShopBundle\\Controller\\Admin\\ModuleController::catalogAction","_legacy_controller":"AdminModules","_route":"admin_module_catalog"},"request_uri":"http://localhost/prestashop/admin1338b07eq/index.php/module/catalog?_token=2ei3m1L1viTQV6XrhFxi35-0ql-8CcEI-UX3s6etrBc"} []
[2017-12-18 02:31:18] security.DEBUG: Read existing security token from the session. {"key":"_security_main"} []
[2017-12-18 02:31:18] security.DEBUG: User was reloaded from a user provider. {"username":"elle@hotmail.com","provider":"PrestaShopBundle\\Security\\Admin\\EmployeeProvider"} []
[2017-12-18 02:31:18] app.ERROR: Data from PrestaShop Addons is invalid, and cannot fallback on cache.  {"exception":"cURL error 6: Could not resolve host: api-addons.prestashop.com"} []
[2017-12-18 02:31:21] security.DEBUG: Stored the security token in the session. {"key":"_security_main"} []
[2017-12-18 02:31:22] request.INFO: Matched route "admin_module_catalog_refresh". {"route_parameters":{"category":null,"keyword":null,"_controller":"PrestaShopBundle\\Controller\\Admin\\ModuleController::refreshCatalogAction","_legacy_controller":"AdminModules","_route":"admin_module_catalog_refresh"},"request_uri":"http://localhost/prestashop/admin1338b07eq/index.php/module/catalog/refresh?_token=2ei3m1L1viTQV6XrhFxi35-0ql-8CcEI-UX3s6etrBc"} []
[2017-12-18 02:31:22] security.DEBUG: Read existing security token from the session. {"key":"_security_main"} []
[2017-12-18 02:31:22] security.DEBUG: User was reloaded from a user provider. {"username":"elle@hotmail.com","provider":"PrestaShopBundle\\Security\\Admin\\EmployeeProvider"} []
[2017-12-18 02:31:22] app.ERROR: Data from PrestaShop Addons is invalid, and cannot fallback on cache.  {"exception":"cURL error 6: Could not resolve host: api-addons.prestashop.com"} []
[2017-12-18 02:31:23] security.DEBUG: Stored the security token in the session. {"key":"_security_main"} []
[2017-12-18 02:31:30] request.INFO: Matched route "admin_module_manage". {"route_parameters":{"category":null,"keyword":null,"_controller":"PrestaShopBundle\\Controller\\Admin\\ModuleController::manageAction","_legacy_controller":"AdminModules","_route":"admin_module_manage"},"request_uri":"http://localhost/prestashop/admin1338b07eq/index.php/module/manage?_token=2ei3m1L1viTQV6XrhFxi35-0ql-8CcEI-UX3s6etrBc"} []
[2017-12-18 02:31:30] security.DEBUG: Read existing security token from the session. {"key":"_security_main"} []
[2017-12-18 02:31:30] security.DEBUG: User was reloaded from a user provider. {"username":"elle@hotmail.com","provider":"PrestaShopBundle\\Security\\Admin\\EmployeeProvider"} []
[2017-12-18 02:31:30] app.ERROR: Data from PrestaShop Addons is invalid, and cannot fallback on cache.  {"exception":"cURL error 6: Could not resolve host: api-addons.prestashop.com"} []
[2017-12-18 02:31:37] request.INFO: Matched route "admin_module_catalog". {"route_parameters":{"_controller":"PrestaShopBundle\\Controller\\Admin\\ModuleController::catalogAction","_legacy_controller":"AdminModules","_route":"admin_module_catalog"},"request_uri":"http://localhost/prestashop/admin1338b07eq/index.php/module/catalog?_token=2ei3m1L1viTQV6XrhFxi35-0ql-8CcEI-UX3s6etrBc"} []
[2017-12-18 02:31:37] security.DEBUG: Read existing security token from the session. {"key":"_security_main"} []
[2017-12-18 02:31:37] security.DEBUG: User was reloaded from a user provider. {"username":"elle@hotmail.com","provider":"PrestaShopBundle\\Security\\Admin\\EmployeeProvider"} []
[2017-12-18 02:31:37] app.ERROR: Data from PrestaShop Addons is invalid, and cannot fallback on cache.  {"exception":"cURL error 6: Could not resolve host: api-addons.prestashop.com"} []
[2017-12-18 02:31:40] security.DEBUG: Stored the security token in the session. {"key":"_security_main"} []
[2017-12-18 02:34:33] request.INFO: Matched route "admin_module_catalog". {"route_parameters":{"_controller":"PrestaShopBundle\\Controller\\Admin\\ModuleController::catalogAction","_legacy_controller":"AdminModules","_route":"admin_module_catalog"},"request_uri":"http://localhost/prestashop/admin1338b07eq/index.php/module/catalog?_token=2ei3m1L1viTQV6XrhFxi35-0ql-8CcEI-UX3s6etrBc"} []
[2017-12-18 02:34:33] security.DEBUG: Read existing security token from the session. {"key":"_security_main"} []
[2017-12-18 02:34:33] security.DEBUG: User was reloaded from a user provider. {"username":"elle@hotmail.com","provider":"PrestaShopBundle\\Security\\Admin\\EmployeeProvider"} []
[2017-12-18 02:34:34] app.ERROR: Data from PrestaShop Addons is invalid, and cannot fallback on cache.  {"exception":"cURL error 6: Could not resolve host: api-addons.prestashop.com"} []
[2017-12-18 02:34:36] security.DEBUG: Stored the security token in the session. {"key":"_security_main"} []
[2017-12-18 02:34:37] request.INFO: Matched route "admin_module_catalog_refresh". {"route_parameters":{"category":null,"keyword":null,"_controller":"PrestaShopBundle\\Controller\\Admin\\ModuleController::refreshCatalogAction","_legacy_controller":"AdminModules","_route":"admin_module_catalog_refresh"},"request_uri":"http://localhost/prestashop/admin1338b07eq/index.php/module/catalog/refresh?_token=2ei3m1L1viTQV6XrhFxi35-0ql-8CcEI-UX3s6etrBc"} []
[2017-12-18 02:34:37] security.DEBUG: Read existing security token from the session. {"key":"_security_main"} []
[2017-12-18 02:34:37] security.DEBUG: User was reloaded from a user provider. {"username":"elle@hotmail.com","provider":"PrestaShopBundle\\Security\\Admin\\EmployeeProvider"} []
[2017-12-18 02:34:38] app.ERROR: Data from PrestaShop Addons is invalid, and cannot fallback on cache.  {"exception":"cURL error 6: Could not resolve host: api-addons.prestashop.com"} []
[2017-12-18 02:34:38] security.DEBUG: Stored the security token in the session. {"key":"_security_main"} []
[2017-12-18 02:34:52] request.INFO: Matched route "admin_module_catalog". {"route_parameters":{"_controller":"PrestaShopBundle\\Controller\\Admin\\ModuleController::catalogAction","_legacy_controller":"AdminModules","_route":"admin_module_catalog"},"request_uri":"http://localhost/prestashop/admin1338b07eq/index.php/module/catalog?_token=2ei3m1L1viTQV6XrhFxi35-0ql-8CcEI-UX3s6etrBc"} []
[2017-12-18 02:34:52] security.DEBUG: Read existing security token from the session. {"key":"_security_main"} []
[2017-12-18 02:34:52] security.DEBUG: User was reloaded from a user provider. {"username":"elle@hotmail.com","provider":"PrestaShopBundle\\Security\\Admin\\EmployeeProvider"} []
[2017-12-18 02:34:58] app.ERROR: Data from PrestaShop Addons is invalid, and cannot fallback on cache.  {"exception":"cURL error 28: Operation timed out after 5000 milliseconds with 222080 bytes received"} []
[2017-12-18 02:35:00] security.DEBUG: Stored the security token in the session. {"key":"_security_main"} []
[2017-12-18 02:35:02] request.INFO: Matched route "admin_module_catalog_refresh". {"route_parameters":{"category":null,"keyword":null,"_controller":"PrestaShopBundle\\Controller\\Admin\\ModuleController::refreshCatalogAction","_legacy_controller":"AdminModules","_route":"admin_module_catalog_refresh"},"request_uri":"http://localhost/prestashop/admin1338b07eq/index.php/module/catalog/refresh?_token=2ei3m1L1viTQV6XrhFxi35-0ql-8CcEI-UX3s6etrBc"} []
[2017-12-18 02:35:02] security.DEBUG: Read existing security token from the session. {"key":"_security_main"} []
[2017-12-18 02:35:02] security.DEBUG: User was reloaded from a user provider. {"username":"elle@hotmail.com","provider":"PrestaShopBundle\\Security\\Admin\\EmployeeProvider"} []
[2017-12-18 02:35:07] app.ERROR: Data from PrestaShop Addons is invalid, and cannot fallback on cache.  {"exception":"cURL error 28: Operation timed out after 5000 milliseconds with 211568 bytes received"} []
[2017-12-18 02:35:13] security.DEBUG: Stored the security token in the session. {"key":"_security_main"} []
[2017-12-18 02:35:18] request.INFO: Matched route "admin_module_catalog". {"route_parameters":{"_controller":"PrestaShopBundle\\Controller\\Admin\\ModuleController::catalogAction","_legacy_controller":"AdminModules","_route":"admin_module_catalog"},"request_uri":"http://localhost/prestashop/admin1338b07eq/index.php/module/catalog?_token=2ei3m1L1viTQV6XrhFxi35-0ql-8CcEI-UX3s6etrBc"} []
[2017-12-18 02:35:18] security.DEBUG: Read existing security token from the session. {"key":"_security_main"} []
[2017-12-18 02:35:18] security.DEBUG: User was reloaded from a user provider. {"username":"elle@hotmail.com","provider":"PrestaShopBundle\\Security\\Admin\\EmployeeProvider"} []
[2017-12-18 02:35:24] app.ERROR: Data from PrestaShop Addons is invalid, and cannot fallback on cache.  {"exception":"cURL error 28: Operation timed out after 0 milliseconds with 0 out of 0 bytes received"} []
[2017-12-18 02:35:27] security.DEBUG: Stored the security token in the session. {"key":"_security_main"} []
[2017-12-18 02:35:28] request.INFO: Matched route "admin_module_catalog_refresh". {"route_parameters":{"category":null,"keyword":null,"_controller":"PrestaShopBundle\\Controller\\Admin\\ModuleController::refreshCatalogAction","_legacy_controller":"AdminModules","_route":"admin_module_catalog_refresh"},"request_uri":"http://localhost/prestashop/admin1338b07eq/index.php/module/catalog/refresh?_token=2ei3m1L1viTQV6XrhFxi35-0ql-8CcEI-UX3s6etrBc"} []
[2017-12-18 02:35:28] security.DEBUG: Read existing security token from the session. {"key":"_security_main"} []
[2017-12-18 02:35:28] security.DEBUG: User was reloaded from a user provider. {"username":"elle@hotmail.com","provider":"PrestaShopBundle\\Security\\Admin\\EmployeeProvider"} []
[2017-12-18 02:35:33] app.ERROR: Data from PrestaShop Addons is invalid, and cannot fallback on cache.  {"exception":"cURL error 28: Operation timed out after 5000 milliseconds with 9793 bytes received"} []
[2017-12-18 02:35:38] security.DEBUG: Stored the security token in the session. {"key":"_security_main"} []
[2017-12-21 22:20:15] request.INFO: Matched route "admin_module_catalog". {"route_parameters":{"_controller":"PrestaShopBundle\\Controller\\Admin\\ModuleController::catalogAction","_legacy_controller":"AdminModules","_route":"admin_module_catalog"},"request_uri":"http://localhost/prestashop/admin1338b07eq/index.php/module/catalog?_token=6yI6K3op9CeOp-CmeQSTSAvy81C7AEJjJERYd7GgOA4"} []
[2017-12-21 22:20:15] security.INFO: Populated the TokenStorage with an anonymous Token. [] []
[2017-12-21 22:20:17] app.ERROR: Data from PrestaShop Addons is invalid, and cannot fallback on cache.  {"exception":"cURL error 6: Could not resolve host: api-addons.prestashop.com"} []
[2017-12-21 22:20:28] security.DEBUG: Stored the security token in the session. {"key":"_security_main"} []
[2017-12-22 20:15:20] request.INFO: Matched route "admin_product_catalog". {"route_parameters":{"_controller":"PrestaShopBundle\\Controller\\Admin\\ProductController::catalogAction","_legacy_controller":"AdminProducts","limit":"last","offset":0,"orderBy":"last","sortOrder":"desc","_route":"admin_product_catalog"},"request_uri":"http://localhost/prestashop/admin1338b07eq/index.php/product/catalog?_token=6yI6K3op9CeOp-CmeQSTSAvy81C7AEJjJERYd7GgOA4"} []
[2017-12-22 20:15:51] security.DEBUG: Read existing security token from the session. {"key":"_security_main"} []
[2017-12-22 20:15:53] security.DEBUG: User was reloaded from a user provider. {"username":"demo@posthemes.com","provider":"PrestaShopBundle\\Security\\Admin\\EmployeeProvider"} []
[2017-12-22 20:16:05] app.INFO: Product catalog filters stored. [] []
[2017-12-22 20:16:07] request.CRITICAL: Uncaught PHP Exception Symfony\Component\Debug\Exception\FatalErrorException: "Error: Maximum execution time of 60 seconds exceeded" at E:\Work\prestashop\vendor\symfony\symfony\src\Symfony\Component\Form\Extension\Validator\Type\FormTypeValidatorExtension.php line 26 {"exception":"[object] (Symfony\\Component\\Debug\\Exception\\FatalErrorException(code: 0): Error: Maximum execution time of 60 seconds exceeded at E:\\Work\\prestashop\\vendor\\symfony\\symfony\\src\\Symfony\\Component\\Form\\Extension\\Validator\\Type\\FormTypeValidatorExtension.php:26)"} []
[2017-12-22 20:16:13] security.DEBUG: Stored the security token in the session. {"key":"_security_main"} []
[2017-12-22 20:41:48] request.INFO: Matched route "admin_module_catalog". {"route_parameters":{"_controller":"PrestaShopBundle\\Controller\\Admin\\ModuleController::catalogAction","_legacy_controller":"AdminModules","_route":"admin_module_catalog"},"request_uri":"http://localhost/prestashop/admin1338b07eq/index.php/module/catalog?_token=B_L2glH4b0zaOrNnmjsjb270zxZSlBsqHqQikXFVYHc"} []
[2017-12-22 20:41:48] security.DEBUG: Read existing security token from the session. {"key":"_security_main"} []
[2017-12-22 20:41:48] security.DEBUG: User was reloaded from a user provider. {"username":"demo@posthemes.com","provider":"PrestaShopBundle\\Security\\Admin\\EmployeeProvider"} []
[2017-12-22 20:41:49] app.ERROR: Data from PrestaShop Addons is invalid, and cannot fallback on cache.  {"exception":"cURL error 6: Could not resolve host: api-addons.prestashop.com"} []
[2017-12-22 20:41:58] security.DEBUG: Stored the security token in the session. {"key":"_security_main"} []
[2017-12-22 20:42:00] request.INFO: Matched route "admin_module_catalog_refresh". {"route_parameters":{"category":null,"keyword":null,"_controller":"PrestaShopBundle\\Controller\\Admin\\ModuleController::refreshCatalogAction","_legacy_controller":"AdminModules","_route":"admin_module_catalog_refresh"},"request_uri":"http://localhost/prestashop/admin1338b07eq/index.php/module/catalog/refresh?_token=B_L2glH4b0zaOrNnmjsjb270zxZSlBsqHqQikXFVYHc"} []
[2017-12-22 20:42:00] security.DEBUG: Read existing security token from the session. {"key":"_security_main"} []
[2017-12-22 20:42:00] security.DEBUG: User was reloaded from a user provider. {"username":"demo@posthemes.com","provider":"PrestaShopBundle\\Security\\Admin\\EmployeeProvider"} []
[2017-12-22 20:42:00] app.ERROR: Data from PrestaShop Addons is invalid, and cannot fallback on cache.  {"exception":"cURL error 6: Could not resolve host: api-addons.prestashop.com"} []
[2017-12-22 20:42:01] security.DEBUG: Stored the security token in the session. {"key":"_security_main"} []
[2017-12-25 02:43:16] request.INFO: Matched route "admin_module_catalog". {"route_parameters":{"_controller":"PrestaShopBundle\\Controller\\Admin\\ModuleController::catalogAction","_legacy_controller":"AdminModules","_route":"admin_module_catalog"},"request_uri":"http://localhost/prestashop/admin1338b07eq/index.php/module/catalog?_token=wRkWmQX_8skiauWOQ-J2-o0XOc_3Mvcon0chKy6gjw4"} []
[2017-12-25 02:43:16] security.DEBUG: Read existing security token from the session. {"key":"_security_main"} []
[2017-12-25 02:43:16] security.DEBUG: User was reloaded from a user provider. {"username":"demo@posthemes.com","provider":"PrestaShopBundle\\Security\\Admin\\EmployeeProvider"} []
[2017-12-25 02:43:16] app.ERROR: Data from PrestaShop Addons is invalid, and cannot fallback on cache.  {"exception":"cURL error 6: Could not resolve host: api-addons.prestashop.com"} []
[2017-12-25 02:43:25] security.DEBUG: Stored the security token in the session. {"key":"_security_main"} []
[2017-12-25 02:43:27] request.INFO: Matched route "admin_module_catalog_refresh". {"route_parameters":{"category":null,"keyword":null,"_controller":"PrestaShopBundle\\Controller\\Admin\\ModuleController::refreshCatalogAction","_legacy_controller":"AdminModules","_route":"admin_module_catalog_refresh"},"request_uri":"http://localhost/prestashop/admin1338b07eq/index.php/module/catalog/refresh?_token=wRkWmQX_8skiauWOQ-J2-o0XOc_3Mvcon0chKy6gjw4"} []
[2017-12-25 02:43:27] security.DEBUG: Read existing security token from the session. {"key":"_security_main"} []
[2017-12-25 02:43:27] security.DEBUG: User was reloaded from a user provider. {"username":"demo@posthemes.com","provider":"PrestaShopBundle\\Security\\Admin\\EmployeeProvider"} []
[2017-12-25 02:43:28] app.ERROR: Data from PrestaShop Addons is invalid, and cannot fallback on cache.  {"exception":"cURL error 6: Could not resolve host: api-addons.prestashop.com"} []
[2017-12-25 02:43:28] security.DEBUG: Stored the security token in the session. {"key":"_security_main"} []
[2017-12-25 02:43:32] request.INFO: Matched route "admin_module_manage". {"route_parameters":{"category":null,"keyword":null,"_controller":"PrestaShopBundle\\Controller\\Admin\\ModuleController::manageAction","_legacy_controller":"AdminModules","_route":"admin_module_manage"},"request_uri":"http://localhost/prestashop/admin1338b07eq/index.php/module/manage?_token=wRkWmQX_8skiauWOQ-J2-o0XOc_3Mvcon0chKy6gjw4"} []
[2017-12-25 02:43:32] security.DEBUG: Read existing security token from the session. {"key":"_security_main"} []
[2017-12-25 02:43:32] security.DEBUG: User was reloaded from a user provider. {"username":"demo@posthemes.com","provider":"PrestaShopBundle\\Security\\Admin\\EmployeeProvider"} []
[2017-12-25 02:43:32] app.ERROR: Data from PrestaShop Addons is invalid, and cannot fallback on cache.  {"exception":"cURL error 6: Could not resolve host: api-addons.prestashop.com"} []
[2017-12-25 02:43:35] request.INFO: Matched route "admin_module_catalog". {"route_parameters":{"_controller":"PrestaShopBundle\\Controller\\Admin\\ModuleController::catalogAction","_legacy_controller":"AdminModules","_route":"admin_module_catalog"},"request_uri":"http://localhost/prestashop/admin1338b07eq/index.php/module/catalog?_token=wRkWmQX_8skiauWOQ-J2-o0XOc_3Mvcon0chKy6gjw4"} []
[2017-12-25 02:43:35] security.DEBUG: Read existing security token from the session. {"key":"_security_main"} []
[2017-12-25 02:43:35] security.DEBUG: User was reloaded from a user provider. {"username":"demo@posthemes.com","provider":"PrestaShopBundle\\Security\\Admin\\EmployeeProvider"} []
[2017-12-25 02:43:35] app.ERROR: Data from PrestaShop Addons is invalid, and cannot fallback on cache.  {"exception":"cURL error 6: Could not resolve host: api-addons.prestashop.com"} []
[2017-12-25 02:43:37] security.DEBUG: Stored the security token in the session. {"key":"_security_main"} []
[2017-12-25 02:43:39] request.INFO: Matched route "admin_module_notification". {"route_parameters":{"_controller":"PrestaShopBundle\\Controller\\Admin\\ModuleController::notificationAction","_legacy_controller":"AdminModules","_route":"admin_module_notification"},"request_uri":"http://localhost/prestashop/admin1338b07eq/index.php/module/notifications?_token=wRkWmQX_8skiauWOQ-J2-o0XOc_3Mvcon0chKy6gjw4"} []
[2017-12-25 02:43:39] security.DEBUG: Read existing security token from the session. {"key":"_security_main"} []
[2017-12-25 02:43:39] security.DEBUG: User was reloaded from a user provider. {"username":"demo@posthemes.com","provider":"PrestaShopBundle\\Security\\Admin\\EmployeeProvider"} []
[2017-12-25 02:43:40] app.ERROR: Data from PrestaShop Addons is invalid, and cannot fallback on cache.  {"exception":"cURL error 6: Could not resolve host: api-addons.prestashop.com"} []
[2017-12-25 02:43:42] request.INFO: Matched route "admin_module_catalog". {"route_parameters":{"_controller":"PrestaShopBundle\\Controller\\Admin\\ModuleController::catalogAction","_legacy_controller":"AdminModules","_route":"admin_module_catalog"},"request_uri":"http://localhost/prestashop/admin1338b07eq/index.php/module/catalog?_token=wRkWmQX_8skiauWOQ-J2-o0XOc_3Mvcon0chKy6gjw4"} []
[2017-12-25 02:43:42] security.DEBUG: Read existing security token from the session. {"key":"_security_main"} []
[2017-12-25 02:43:42] security.DEBUG: User was reloaded from a user provider. {"username":"demo@posthemes.com","provider":"PrestaShopBundle\\Security\\Admin\\EmployeeProvider"} []
[2017-12-25 02:43:43] app.ERROR: Data from PrestaShop Addons is invalid, and cannot fallback on cache.  {"exception":"cURL error 6: Could not resolve host: api-addons.prestashop.com"} []
[2017-12-25 02:43:44] security.DEBUG: Stored the security token in the session. {"key":"_security_main"} []
[2017-12-25 02:43:46] request.INFO: Matched route "admin_module_manage". {"route_parameters":{"category":null,"keyword":null,"_controller":"PrestaShopBundle\\Controller\\Admin\\ModuleController::manageAction","_legacy_controller":"AdminModules","_route":"admin_module_manage"},"request_uri":"http://localhost/prestashop/admin1338b07eq/index.php/module/manage?_token=wRkWmQX_8skiauWOQ-J2-o0XOc_3Mvcon0chKy6gjw4"} []
[2017-12-25 02:43:46] security.DEBUG: Read existing security token from the session. {"key":"_security_main"} []
[2017-12-25 02:43:46] security.DEBUG: User was reloaded from a user provider. {"username":"demo@posthemes.com","provider":"PrestaShopBundle\\Security\\Admin\\EmployeeProvider"} []
[2017-12-25 02:43:47] app.ERROR: Data from PrestaShop Addons is invalid, and cannot fallback on cache.  {"exception":"cURL error 6: Could not resolve host: api-addons.prestashop.com"} []
[2017-12-25 02:43:49] request.INFO: Matched route "admin_module_catalog". {"route_parameters":{"_controller":"PrestaShopBundle\\Controller\\Admin\\ModuleController::catalogAction","_legacy_controller":"AdminModules","_route":"admin_module_catalog"},"request_uri":"http://localhost/prestashop/admin1338b07eq/index.php/module/catalog?_token=wRkWmQX_8skiauWOQ-J2-o0XOc_3Mvcon0chKy6gjw4"} []
[2017-12-25 02:43:49] security.DEBUG: Read existing security token from the session. {"key":"_security_main"} []
[2017-12-25 02:43:49] security.DEBUG: User was reloaded from a user provider. {"username":"demo@posthemes.com","provider":"PrestaShopBundle\\Security\\Admin\\EmployeeProvider"} []
[2017-12-25 02:43:49] app.ERROR: Data from PrestaShop Addons is invalid, and cannot fallback on cache.  {"exception":"cURL error 6: Could not resolve host: api-addons.prestashop.com"} []
[2017-12-25 02:43:51] security.DEBUG: Stored the security token in the session. {"key":"_security_main"} []
[2017-12-25 22:08:28] request.INFO: Matched route "admin_module_catalog". {"route_parameters":{"_controller":"PrestaShopBundle\\Controller\\Admin\\ModuleController::catalogAction","_legacy_controller":"AdminModules","_route":"admin_module_catalog"},"request_uri":"http://localhost/prestashop/admin1338b07eq/index.php/module/catalog?_token=KkqocgeDrv1rkV2w1-ZIpcmcQ91j-3oGy04o9EDA6YY"} []
[2017-12-25 22:08:28] security.INFO: Populated the TokenStorage with an anonymous Token. [] []
[2017-12-25 22:08:32] app.ERROR: Data from PrestaShop Addons is invalid, and cannot fallback on cache.  {"exception":"cURL error 6: Could not resolve host: api-addons.prestashop.com"} []
[2017-12-25 22:08:41] security.DEBUG: Stored the security token in the session. {"key":"_security_main"} []
[2017-12-25 22:08:44] request.INFO: Matched route "admin_module_catalog_refresh". {"route_parameters":{"category":null,"keyword":null,"_controller":"PrestaShopBundle\\Controller\\Admin\\ModuleController::refreshCatalogAction","_legacy_controller":"AdminModules","_route":"admin_module_catalog_refresh"},"request_uri":"http://localhost/prestashop/admin1338b07eq/index.php/module/catalog/refresh?_token=KkqocgeDrv1rkV2w1-ZIpcmcQ91j-3oGy04o9EDA6YY"} []
[2017-12-25 22:08:44] security.DEBUG: Read existing security token from the session. {"key":"_security_main"} []
[2017-12-25 22:08:44] security.DEBUG: User was reloaded from a user provider. {"username":"demo@posthemes.com","provider":"PrestaShopBundle\\Security\\Admin\\EmployeeProvider"} []
[2017-12-25 22:08:44] app.ERROR: Data from PrestaShop Addons is invalid, and cannot fallback on cache.  {"exception":"cURL error 6: Could not resolve host: api-addons.prestashop.com"} []
[2017-12-25 22:08:45] security.DEBUG: Stored the security token in the session. {"key":"_security_main"} []
[2017-12-25 22:08:49] request.INFO: Matched route "admin_module_manage". {"route_parameters":{"category":null,"keyword":null,"_controller":"PrestaShopBundle\\Controller\\Admin\\ModuleController::manageAction","_legacy_controller":"AdminModules","_route":"admin_module_manage"},"request_uri":"http://localhost/prestashop/admin1338b07eq/index.php/module/manage?_token=KkqocgeDrv1rkV2w1-ZIpcmcQ91j-3oGy04o9EDA6YY"} []
[2017-12-25 22:08:49] security.DEBUG: Read existing security token from the session. {"key":"_security_main"} []
[2017-12-25 22:08:49] security.DEBUG: User was reloaded from a user provider. {"username":"demo@posthemes.com","provider":"PrestaShopBundle\\Security\\Admin\\EmployeeProvider"} []
[2017-12-25 22:08:50] app.ERROR: Data from PrestaShop Addons is invalid, and cannot fallback on cache.  {"exception":"cURL error 6: Could not resolve host: api-addons.prestashop.com"} []
[2017-12-25 22:08:52] request.INFO: Matched route "admin_module_manage". {"route_parameters":{"category":null,"keyword":null,"_controller":"PrestaShopBundle\\Controller\\Admin\\ModuleController::manageAction","_legacy_controller":"AdminModules","_route":"admin_module_manage"},"request_uri":"http://localhost/prestashop/admin1338b07eq/index.php/module/manage?_token=KkqocgeDrv1rkV2w1-ZIpcmcQ91j-3oGy04o9EDA6YY"} []
[2017-12-25 22:08:52] security.DEBUG: Read existing security token from the session. {"key":"_security_main"} []
[2017-12-25 22:08:52] security.DEBUG: User was reloaded from a user provider. {"username":"demo@posthemes.com","provider":"PrestaShopBundle\\Security\\Admin\\EmployeeProvider"} []
[2017-12-25 22:08:52] app.ERROR: Data from PrestaShop Addons is invalid, and cannot fallback on cache.  {"exception":"cURL error 6: Could not resolve host: api-addons.prestashop.com"} []
[2017-12-25 22:08:54] request.INFO: Matched route "admin_module_manage". {"route_parameters":{"category":null,"keyword":null,"_controller":"PrestaShopBundle\\Controller\\Admin\\ModuleController::manageAction","_legacy_controller":"AdminModules","_route":"admin_module_manage"},"request_uri":"http://localhost/prestashop/admin1338b07eq/index.php/module/manage?_token=KkqocgeDrv1rkV2w1-ZIpcmcQ91j-3oGy04o9EDA6YY"} []
[2017-12-25 22:08:54] security.DEBUG: Read existing security token from the session. {"key":"_security_main"} []
[2017-12-25 22:08:54] security.DEBUG: User was reloaded from a user provider. {"username":"demo@posthemes.com","provider":"PrestaShopBundle\\Security\\Admin\\EmployeeProvider"} []
[2017-12-25 22:08:54] app.ERROR: Data from PrestaShop Addons is invalid, and cannot fallback on cache.  {"exception":"cURL error 6: Could not resolve host: api-addons.prestashop.com"} []
[2017-12-25 22:08:56] request.INFO: Matched route "admin_module_manage". {"route_parameters":{"category":null,"keyword":null,"_controller":"PrestaShopBundle\\Controller\\Admin\\ModuleController::manageAction","_legacy_controller":"AdminModules","_route":"admin_module_manage"},"request_uri":"http://localhost/prestashop/admin1338b07eq/index.php/module/manage?_token=KkqocgeDrv1rkV2w1-ZIpcmcQ91j-3oGy04o9EDA6YY"} []
[2017-12-25 22:08:56] security.DEBUG: Read existing security token from the session. {"key":"_security_main"} []
[2017-12-25 22:08:56] security.DEBUG: User was reloaded from a user provider. {"username":"demo@posthemes.com","provider":"PrestaShopBundle\\Security\\Admin\\EmployeeProvider"} []
[2017-12-25 22:08:56] app.ERROR: Data from PrestaShop Addons is invalid, and cannot fallback on cache.  {"exception":"cURL error 6: Could not resolve host: api-addons.prestashop.com"} []
[2017-12-25 22:08:57] request.INFO: Matched route "admin_module_catalog". {"route_parameters":{"_controller":"PrestaShopBundle\\Controller\\Admin\\ModuleController::catalogAction","_legacy_controller":"AdminModules","_route":"admin_module_catalog"},"request_uri":"http://localhost/prestashop/admin1338b07eq/index.php/module/catalog?_token=KkqocgeDrv1rkV2w1-ZIpcmcQ91j-3oGy04o9EDA6YY"} []
[2017-12-25 22:08:57] security.DEBUG: Read existing security token from the session. {"key":"_security_main"} []
[2017-12-25 22:08:57] security.DEBUG: User was reloaded from a user provider. {"username":"demo@posthemes.com","provider":"PrestaShopBundle\\Security\\Admin\\EmployeeProvider"} []
[2017-12-25 22:08:57] app.ERROR: Data from PrestaShop Addons is invalid, and cannot fallback on cache.  {"exception":"cURL error 6: Could not resolve host: api-addons.prestashop.com"} []
[2017-12-25 22:08:59] security.DEBUG: Stored the security token in the session. {"key":"_security_main"} []
